<?xml version="1.0" encoding="UTF-8" ?>
<testsuite errors="0" failures="0" hostname="y-PC" name="cn.net.application.CustomerBeanTest" skipped="0" tests="1" time="4.866" timestamp="2014-11-15T10:09:24">
  <properties>
[...]
</properties>
  <testcase classname="cn.net.application.CustomerBeanTest" name="testStudentLogin" time="4.801" />
  <system-out><![CDATA[testStudentLogin----------------LOGON
testStudentLogin----------------电子信息学院      
]]></system-out>
  <system-err><![CDATA[]]></system-err>
</testsuite>
